# JRE version: OpenJDK Runtime Environment (16.0.2+7) (build 16.0.2+7-67)
# Java VM: OpenJDK 64-Bit Server VM (16.0.2+7-67, mixed mode, tiered, compressed oops, compressed class ptrs, g1 gc, windows-amd64)
GC Precious Log:
 CPUs: 4 total, 4 available
 Memory: 3981M
 Large Page Support: Disabled
 NUMA Support: Disabled
 Compressed Oops: Enabled (32-bit)
 Heap Region Size: 1M
 Heap Min Capacity: 8M
 Heap Initial Capacity: 64M
 Heap Max Capacity: 996M
 Pre-touch: Disabled
 Parallel Workers: 4
 Concurrent Workers: 1
 Concurrent Refinement Workers: 4
 Periodic GC: Disabled
Heap:
 garbage-first heap   total 63488K, used 34488K [0x00000000c1c00000, 0x0000000100000000)
  region size 1024K, 17 young (17408K), 3 survivors (3072K)
 Metaspace       used 58251K, committed 58624K, reserved 1105920K
  class space    used 7446K, committed 7616K, reserved 1048576K
GC Heap History (20 events):
Event: 2.837 GC heap before
{Heap before GC invocations=5 (full 0):
 garbage-first heap   total 34816K, used 33468K [0x00000000c1c00000, 0x0000000100000000)
  region size 1024K, 28 young (28672K), 3 survivors (3072K)
 Metaspace       used 22744K, committed 22976K, reserved 1073152K
  class space    used 2625K, committed 2752K, reserved 1048576K
}
Event: 2.846 GC heap after
{Heap after GC invocations=6 (full 0):
 garbage-first heap   total 38912K, used 9661K [0x00000000c1c00000, 0x0000000100000000)
  region size 1024K, 3 young (3072K), 3 survivors (3072K)
 Metaspace       used 22744K, committed 22976K, reserved 1073152K
  class space    used 2625K, committed 2752K, reserved 1048576K
}
Event: 2.858 GC heap before
{Heap before GC invocations=6 (full 0):
 garbage-first heap   total 38912K, used 25021K [0x00000000c1c00000, 0x0000000100000000)
  region size 1024K, 19 young (19456K), 3 survivors (3072K)
 Metaspace       used 22809K, committed 23040K, reserved 1073152K
  class space    used 2633K, committed 2752K, reserved 1048576K
}
Event: 2.864 GC heap after
{Heap after GC invocations=7 (full 0):
 garbage-first heap   total 38912K, used 9849K [0x00000000c1c00000, 0x0000000100000000)
  region size 1024K, 2 young (2048K), 2 survivors (2048K)
 Metaspace       used 22809K, committed 23040K, reserved 1073152K
  class space    used 2633K, committed 2752K, reserved 1048576K
}
Event: 3.190 GC heap before
{Heap before GC invocations=7 (full 0):
 garbage-first heap   total 38912K, used 26233K [0x00000000c1c00000, 0x0000000100000000)
  region size 1024K, 19 young (19456K), 2 survivors (2048K)
 Metaspace       used 25665K, committed 25920K, reserved 1073152K
  class space    used 2900K, committed 3008K, reserved 1048576K
}
Event: 3.194 GC heap after
{Heap after GC invocations=8 (full 0):
 garbage-first heap   total 38912K, used 10419K [0x00000000c1c00000, 0x0000000100000000)
  region size 1024K, 2 young (2048K), 2 survivors (2048K)
 Metaspace       used 25665K, committed 25920K, reserved 1073152K
  class space    used 2900K, committed 3008K, reserved 1048576K
}
Event: 3.686 GC heap before
{Heap before GC invocations=8 (full 0):
 garbage-first heap   total 38912K, used 27827K [0x00000000c1c00000, 0x0000000100000000)
  region size 1024K, 19 young (19456K), 2 survivors (2048K)
 Metaspace       used 28233K, committed 28416K, reserved 1081344K
  class space    used 3251K, committed 3328K, reserved 1048576K
}
Event: 3.693 GC heap after
{Heap after GC invocations=9 (full 0):
 garbage-first heap   total 38912K, used 11354K [0x00000000c1c00000, 0x0000000100000000)
  region size 1024K, 2 young (2048K), 2 survivors (2048K)
 Metaspace       used 28233K, committed 28416K, reserved 1081344K
  class space    used 3251K, committed 3328K, reserved 1048576K
}
Event: 4.415 GC heap before
{Heap before GC invocations=9 (full 0):
 garbage-first heap   total 38912K, used 28762K [0x00000000c1c00000, 0x0000000100000000)
  region size 1024K, 19 young (19456K), 2 survivors (2048K)
 Metaspace       used 30711K, committed 30976K, reserved 1081344K
  class space    used 3580K, committed 3712K, reserved 1048576K
}
Event: 4.425 GC heap after
{Heap after GC invocations=10 (full 0):
 garbage-first heap   total 77824K, used 12696K [0x00000000c1c00000, 0x0000000100000000)
  region size 1024K, 3 young (3072K), 3 survivors (3072K)
 Metaspace       used 30711K, committed 30976K, reserved 1081344K
  class space    used 3580K, committed 3712K, reserved 1048576K
}
Event: 5.482 GC heap before
{Heap before GC invocations=10 (full 0):
 garbage-first heap   total 77824K, used 33176K [0x00000000c1c00000, 0x0000000100000000)
  region size 1024K, 24 young (24576K), 3 survivors (3072K)
 Metaspace       used 35231K, committed 35520K, reserved 1081344K
  class space    used 4192K, committed 4288K, reserved 1048576K
}
Event: 5.496 GC heap after
{Heap after GC invocations=11 (full 0):
 garbage-first heap   total 77824K, used 14823K [0x00000000c1c00000, 0x0000000100000000)
  region size 1024K, 5 young (5120K), 5 survivors (5120K)
 Metaspace       used 35231K, committed 35520K, reserved 1081344K
  class space    used 4192K, committed 4288K, reserved 1048576K
}
Event: 5.786 GC heap before
{Heap before GC invocations=12 (full 0):
 garbage-first heap   total 58368K, used 54759K [0x00000000c1c00000, 0x0000000100000000)
  region size 1024K, 45 young (46080K), 5 survivors (5120K)
 Metaspace       used 36695K, committed 36992K, reserved 1089536K
  class space    used 4329K, committed 4480K, reserved 1048576K
}
Event: 5.802 GC heap after
{Heap after GC invocations=13 (full 0):
 garbage-first heap   total 63488K, used 15774K [0x00000000c1c00000, 0x0000000100000000)
  region size 1024K, 4 young (4096K), 4 survivors (4096K)
 Metaspace       used 36695K, committed 36992K, reserved 1089536K
  class space    used 4329K, committed 4480K, reserved 1048576K
}
Event: 6.950 GC heap before
{Heap before GC invocations=13 (full 0):
 garbage-first heap   total 63488K, used 48542K [0x00000000c1c00000, 0x0000000100000000)
  region size 1024K, 36 young (36864K), 4 survivors (4096K)
 Metaspace       used 42548K, committed 42816K, reserved 1089536K
  class space    used 5272K, committed 5376K, reserved 1048576K
}
Event: 6.958 GC heap after
{Heap after GC invocations=14 (full 0):
 garbage-first heap   total 63488K, used 17321K [0x00000000c1c00000, 0x0000000100000000)
  region size 1024K, 3 young (3072K), 3 survivors (3072K)
 Metaspace       used 42548K, committed 42816K, reserved 1089536K
  class space    used 5272K, committed 5376K, reserved 1048576K
}
Event: 9.394 GC heap before
{Heap before GC invocations=14 (full 0):
 garbage-first heap   total 63488K, used 49065K [0x00000000c1c00000, 0x0000000100000000)
  region size 1024K, 34 young (34816K), 3 survivors (3072K)
 Metaspace       used 51234K, committed 51584K, reserved 1097728K
  class space    used 6379K, committed 6592K, reserved 1048576K
}
Event: 9.403 GC heap after
{Heap after GC invocations=15 (full 0):
 garbage-first heap   total 63488K, used 19712K [0x00000000c1c00000, 0x0000000100000000)
  region size 1024K, 5 young (5120K), 5 survivors (5120K)
 Metaspace       used 51234K, committed 51584K, reserved 1097728K
  class space    used 6379K, committed 6592K, reserved 1048576K
}
Event: 10.571 GC heap before
{Heap before GC invocations=15 (full 0):
 garbage-first heap   total 63488K, used 48384K [0x00000000c1c00000, 0x0000000100000000)
  region size 1024K, 33 young (33792K), 5 survivors (5120K)
 Metaspace       used 56405K, committed 56704K, reserved 1105920K
  class space    used 7194K, committed 7360K, reserved 1048576K
}
Event: 10.583 GC heap after
{Heap after GC invocations=16 (full 0):
 garbage-first heap   total 63488K, used 22200K [0x00000000c1c00000, 0x0000000100000000)
  region size 1024K, 3 young (3072K), 3 survivors (3072K)
 Metaspace       used 56405K, committed 56704K, reserved 1105920K
  class space    used 7194K, committed 7360K, reserved 1048576K
}

