# JRE version: OpenJDK Runtime Environment (16.0.2+7) (build 16.0.2+7-67)
# Java VM: OpenJDK 64-Bit Server VM (16.0.2+7-67, mixed mode, tiered, compressed oops, compressed class ptrs, g1 gc, windows-amd64)
GC Precious Log:
 CPUs: 4 total, 4 available
 Memory: 3981M
 Large Page Support: Disabled
 NUMA Support: Disabled
 Compressed Oops: Enabled (32-bit)
 Heap Region Size: 1M
 Heap Min Capacity: 8M
 Heap Initial Capacity: 64M
 Heap Max Capacity: 996M
 Pre-touch: Disabled
 Parallel Workers: 4
 Concurrent Workers: 1
 Concurrent Refinement Workers: 4
 Periodic GC: Disabled
Heap:
 garbage-first heap   total 131072K, used 91354K [0x00000000c1c00000, 0x0000000100000000)
  region size 1024K, 74 young (75776K), 2 survivors (2048K)
 Metaspace       used 56668K, committed 57024K, reserved 1105920K
  class space    used 7222K, committed 7424K, reserved 1048576K
GC Heap History (20 events):
Event: 6.150 GC heap before
{Heap before GC invocations=8 (full 0):
 garbage-first heap   total 46080K, used 32915K [0x00000000c1c00000, 0x0000000100000000)
  region size 1024K, 23 young (23552K), 2 survivors (2048K)
 Metaspace       used 28053K, committed 28352K, reserved 1081344K
  class space    used 3212K, committed 3328K, reserved 1048576K
}
Event: 6.155 GC heap after
{Heap after GC invocations=9 (full 0):
 garbage-first heap   total 46080K, used 12998K [0x00000000c1c00000, 0x0000000100000000)
  region size 1024K, 3 young (3072K), 3 survivors (3072K)
 Metaspace       used 28053K, committed 28352K, reserved 1081344K
  class space    used 3212K, committed 3328K, reserved 1048576K
}
Event: 7.140 GC heap before
{Heap before GC invocations=9 (full 0):
 garbage-first heap   total 46080K, used 34502K [0x00000000c1c00000, 0x0000000100000000)
  region size 1024K, 24 young (24576K), 3 survivors (3072K)
 Metaspace       used 30202K, committed 30400K, reserved 1081344K
  class space    used 3478K, committed 3584K, reserved 1048576K
}
Event: 7.146 GC heap after
{Heap after GC invocations=10 (full 0):
 garbage-first heap   total 46080K, used 14032K [0x00000000c1c00000, 0x0000000100000000)
  region size 1024K, 3 young (3072K), 3 survivors (3072K)
 Metaspace       used 30202K, committed 30400K, reserved 1081344K
  class space    used 3478K, committed 3584K, reserved 1048576K
}
Event: 8.133 GC heap before
{Heap before GC invocations=10 (full 0):
 garbage-first heap   total 46080K, used 34512K [0x00000000c1c00000, 0x0000000100000000)
  region size 1024K, 23 young (23552K), 3 survivors (3072K)
 Metaspace       used 33194K, committed 33472K, reserved 1081344K
  class space    used 3888K, committed 4032K, reserved 1048576K
}
Event: 8.139 GC heap after
{Heap after GC invocations=11 (full 0):
 garbage-first heap   total 46080K, used 15620K [0x00000000c1c00000, 0x0000000100000000)
  region size 1024K, 3 young (3072K), 3 survivors (3072K)
 Metaspace       used 33194K, committed 33472K, reserved 1081344K
  class space    used 3888K, committed 4032K, reserved 1048576K
}
Event: 8.763 GC heap before
{Heap before GC invocations=11 (full 0):
 garbage-first heap   total 46080K, used 25860K [0x00000000c1c00000, 0x0000000100000000)
  region size 1024K, 15 young (15360K), 3 survivors (3072K)
 Metaspace       used 35305K, committed 35648K, reserved 1081344K
  class space    used 4228K, committed 4416K, reserved 1048576K
}
Event: 8.772 GC heap after
{Heap after GC invocations=12 (full 0):
 garbage-first heap   total 46080K, used 16891K [0x00000000c1c00000, 0x0000000100000000)
  region size 1024K, 2 young (2048K), 2 survivors (2048K)
 Metaspace       used 35305K, committed 35648K, reserved 1081344K
  class space    used 4228K, committed 4416K, reserved 1048576K
}
Event: 9.769 GC heap before
{Heap before GC invocations=13 (full 0):
 garbage-first heap   total 46080K, used 34299K [0x00000000c1c00000, 0x0000000100000000)
  region size 1024K, 20 young (20480K), 2 survivors (2048K)
 Metaspace       used 37374K, committed 37696K, reserved 1089536K
  class space    used 4453K, committed 4608K, reserved 1048576K
}
Event: 9.775 GC heap after
{Heap after GC invocations=14 (full 0):
 garbage-first heap   total 46080K, used 17731K [0x00000000c1c00000, 0x0000000100000000)
  region size 1024K, 3 young (3072K), 3 survivors (3072K)
 Metaspace       used 37374K, committed 37696K, reserved 1089536K
  class space    used 4453K, committed 4608K, reserved 1048576K
}
Event: 9.779 GC heap before
{Heap before GC invocations=14 (full 0):
 garbage-first heap   total 46080K, used 34115K [0x00000000c1c00000, 0x0000000100000000)
  region size 1024K, 20 young (20480K), 3 survivors (3072K)
 Metaspace       used 37374K, committed 37696K, reserved 1089536K
  class space    used 4453K, committed 4608K, reserved 1048576K
}
Event: 9.784 GC heap after
{Heap after GC invocations=15 (full 0):
 garbage-first heap   total 46080K, used 17934K [0x00000000c1c00000, 0x0000000100000000)
  region size 1024K, 2 young (2048K), 2 survivors (2048K)
 Metaspace       used 37374K, committed 37696K, reserved 1089536K
  class space    used 4453K, committed 4608K, reserved 1048576K
}
Event: 9.898 GC heap before
{Heap before GC invocations=15 (full 0):
 garbage-first heap   total 46080K, used 34318K [0x00000000c1c00000, 0x0000000100000000)
  region size 1024K, 19 young (19456K), 2 survivors (2048K)
 Metaspace       used 37624K, committed 37888K, reserved 1089536K
  class space    used 4478K, committed 4608K, reserved 1048576K
}
Event: 9.900 GC heap after
{Heap after GC invocations=16 (full 0):
 garbage-first heap   total 46080K, used 17788K [0x00000000c1c00000, 0x0000000100000000)
  region size 1024K, 2 young (2048K), 2 survivors (2048K)
 Metaspace       used 37624K, committed 37888K, reserved 1089536K
  class space    used 4478K, committed 4608K, reserved 1048576K
}
Event: 10.015 GC heap before
{Heap before GC invocations=16 (full 0):
 garbage-first heap   total 46080K, used 35196K [0x00000000c1c00000, 0x0000000100000000)
  region size 1024K, 20 young (20480K), 2 survivors (2048K)
 Metaspace       used 38110K, committed 38464K, reserved 1089536K
  class space    used 4515K, committed 4672K, reserved 1048576K
}
Event: 10.018 GC heap after
{Heap after GC invocations=17 (full 0):
 garbage-first heap   total 46080K, used 18261K [0x00000000c1c00000, 0x0000000100000000)
  region size 1024K, 2 young (2048K), 2 survivors (2048K)
 Metaspace       used 38110K, committed 38464K, reserved 1089536K
  class space    used 4515K, committed 4672K, reserved 1048576K
}
Event: 10.022 GC heap before
{Heap before GC invocations=17 (full 0):
 garbage-first heap   total 46080K, used 35669K [0x00000000c1c00000, 0x0000000100000000)
  region size 1024K, 20 young (20480K), 2 survivors (2048K)
 Metaspace       used 38110K, committed 38464K, reserved 1089536K
  class space    used 4515K, committed 4672K, reserved 1048576K
}
Event: 10.025 GC heap after
{Heap after GC invocations=18 (full 0):
 garbage-first heap   total 46080K, used 18312K [0x00000000c1c00000, 0x0000000100000000)
  region size 1024K, 2 young (2048K), 2 survivors (2048K)
 Metaspace       used 38110K, committed 38464K, reserved 1089536K
  class space    used 4515K, committed 4672K, reserved 1048576K
}
Event: 10.426 GC heap before
{Heap before GC invocations=18 (full 0):
 garbage-first heap   total 46080K, used 35720K [0x00000000c1c00000, 0x0000000100000000)
  region size 1024K, 20 young (20480K), 2 survivors (2048K)
 Metaspace       used 39190K, committed 39488K, reserved 1089536K
  class space    used 4651K, committed 4800K, reserved 1048576K
}
Event: 10.431 GC heap after
{Heap after GC invocations=19 (full 0):
 garbage-first heap   total 131072K, used 18650K [0x00000000c1c00000, 0x0000000100000000)
  region size 1024K, 2 young (2048K), 2 survivors (2048K)
 Metaspace       used 39190K, committed 39488K, reserved 1089536K
  class space    used 4651K, committed 4800K, reserved 1048576K
}

