# JRE version: OpenJDK Runtime Environment (16.0.2+7) (build 16.0.2+7-67)
# Java VM: OpenJDK 64-Bit Server VM (16.0.2+7-67, mixed mode, tiered, compressed oops, compressed class ptrs, g1 gc, windows-amd64)
GC Precious Log:
 CPUs: 4 total, 4 available
 Memory: 3981M
 Large Page Support: Disabled
 NUMA Support: Disabled
 Compressed Oops: Enabled (32-bit)
 Heap Region Size: 1M
 Heap Min Capacity: 8M
 Heap Initial Capacity: 64M
 Heap Max Capacity: 996M
 Pre-touch: Disabled
 Parallel Workers: 4
 Concurrent Workers: 1
 Concurrent Refinement Workers: 4
 Periodic GC: Disabled
Heap:
 garbage-first heap   total 99328K, used 70293K [0x00000000c1c00000, 0x0000000100000000)
  region size 1024K, 44 young (45056K), 3 survivors (3072K)
 Metaspace       used 75567K, committed 76032K, reserved 1122304K
  class space    used 9511K, committed 9728K, reserved 1048576K
GC Heap History (20 events):
Event: 4.444 GC heap before
{Heap before GC invocations=8 (full 0):
 garbage-first heap   total 71680K, used 52472K [0x00000000c1c00000, 0x0000000100000000)
  region size 1024K, 42 young (43008K), 2 survivors (2048K)
 Metaspace       used 30055K, committed 30336K, reserved 1081344K
  class space    used 3452K, committed 3584K, reserved 1048576K
}
Event: 4.450 GC heap after
{Heap after GC invocations=9 (full 0):
 garbage-first heap   total 71680K, used 13922K [0x00000000c1c00000, 0x0000000100000000)
  region size 1024K, 3 young (3072K), 3 survivors (3072K)
 Metaspace       used 30055K, committed 30336K, reserved 1081344K
  class space    used 3452K, committed 3584K, reserved 1048576K
}
Event: 6.055 GC heap before
{Heap before GC invocations=9 (full 0):
 garbage-first heap   total 71680K, used 46690K [0x00000000c1c00000, 0x0000000100000000)
  region size 1024K, 36 young (36864K), 3 survivors (3072K)
 Metaspace       used 35236K, committed 35520K, reserved 1081344K
  class space    used 4210K, committed 4352K, reserved 1048576K
}
Event: 6.065 GC heap after
{Heap after GC invocations=10 (full 0):
 garbage-first heap   total 71680K, used 16483K [0x00000000c1c00000, 0x0000000100000000)
  region size 1024K, 6 young (6144K), 6 survivors (6144K)
 Metaspace       used 35236K, committed 35520K, reserved 1081344K
  class space    used 4210K, committed 4352K, reserved 1048576K
}
Event: 6.548 GC heap before
{Heap before GC invocations=11 (full 0):
 garbage-first heap   total 61440K, used 46179K [0x00000000c1c00000, 0x0000000100000000)
  region size 1024K, 36 young (36864K), 6 survivors (6144K)
 Metaspace       used 37396K, committed 37696K, reserved 1089536K
  class space    used 4454K, committed 4608K, reserved 1048576K
}
Event: 6.561 GC heap after
{Heap after GC invocations=12 (full 0):
 garbage-first heap   total 61440K, used 17786K [0x00000000c1c00000, 0x0000000100000000)
  region size 1024K, 2 young (2048K), 2 survivors (2048K)
 Metaspace       used 37396K, committed 37696K, reserved 1089536K
  class space    used 4454K, committed 4608K, reserved 1048576K
}
Event: 6.731 GC heap before
{Heap before GC invocations=12 (full 0):
 garbage-first heap   total 61440K, used 46458K [0x00000000c1c00000, 0x0000000100000000)
  region size 1024K, 31 young (31744K), 2 survivors (2048K)
 Metaspace       used 38123K, committed 38464K, reserved 1089536K
  class space    used 4516K, committed 4672K, reserved 1048576K
}
Event: 6.735 GC heap after
{Heap after GC invocations=13 (full 0):
 garbage-first heap   total 61440K, used 18012K [0x00000000c1c00000, 0x0000000100000000)
  region size 1024K, 2 young (2048K), 2 survivors (2048K)
 Metaspace       used 38123K, committed 38464K, reserved 1089536K
  class space    used 4516K, committed 4672K, reserved 1048576K
}
Event: 6.742 GC heap before
{Heap before GC invocations=13 (full 0):
 garbage-first heap   total 61440K, used 46684K [0x00000000c1c00000, 0x0000000100000000)
  region size 1024K, 31 young (31744K), 2 survivors (2048K)
 Metaspace       used 38123K, committed 38464K, reserved 1089536K
  class space    used 4516K, committed 4672K, reserved 1048576K
}
Event: 6.745 GC heap after
{Heap after GC invocations=14 (full 0):
 garbage-first heap   total 61440K, used 18115K [0x00000000c1c00000, 0x0000000100000000)
  region size 1024K, 2 young (2048K), 2 survivors (2048K)
 Metaspace       used 38123K, committed 38464K, reserved 1089536K
  class space    used 4516K, committed 4672K, reserved 1048576K
}
Event: 7.647 GC heap before
{Heap before GC invocations=14 (full 0):
 garbage-first heap   total 61440K, used 47811K [0x00000000c1c00000, 0x0000000100000000)
  region size 1024K, 32 young (32768K), 2 survivors (2048K)
 Metaspace       used 41981K, committed 42304K, reserved 1089536K
  class space    used 5081K, committed 5248K, reserved 1048576K
}
Event: 7.654 GC heap after
{Heap after GC invocations=15 (full 0):
 garbage-first heap   total 159744K, used 18954K [0x00000000c1c00000, 0x0000000100000000)
  region size 1024K, 3 young (3072K), 3 survivors (3072K)
 Metaspace       used 41981K, committed 42304K, reserved 1089536K
  class space    used 5081K, committed 5248K, reserved 1048576K
}
Event: 12.890 GC heap before
{Heap before GC invocations=15 (full 0):
 garbage-first heap   total 159744K, used 92682K [0x00000000c1c00000, 0x0000000100000000)
  region size 1024K, 76 young (77824K), 3 survivors (3072K)
 Metaspace       used 59134K, committed 59456K, reserved 1105920K
  class space    used 7542K, committed 7680K, reserved 1048576K
}
Event: 12.906 GC heap after
{Heap after GC invocations=16 (full 0):
 garbage-first heap   total 159744K, used 23945K [0x00000000c1c00000, 0x0000000100000000)
  region size 1024K, 8 young (8192K), 8 survivors (8192K)
 Metaspace       used 59134K, committed 59456K, reserved 1105920K
  class space    used 7542K, committed 7680K, reserved 1048576K
}
Event: 14.287 GC heap before
{Heap before GC invocations=17 (full 0):
 garbage-first heap   total 99328K, used 75145K [0x00000000c1c00000, 0x0000000100000000)
  region size 1024K, 58 young (59392K), 8 survivors (8192K)
 Metaspace       used 64287K, committed 64640K, reserved 1105920K
  class space    used 8208K, committed 8384K, reserved 1048576K
}
Event: 14.306 GC heap after
{Heap after GC invocations=18 (full 0):
 garbage-first heap   total 99328K, used 27889K [0x00000000c1c00000, 0x0000000100000000)
  region size 1024K, 4 young (4096K), 4 survivors (4096K)
 Metaspace       used 64287K, committed 64640K, reserved 1105920K
  class space    used 8208K, committed 8384K, reserved 1048576K
}
Event: 66.566 GC heap before
{Heap before GC invocations=18 (full 0):
 garbage-first heap   total 99328K, used 73969K [0x00000000c1c00000, 0x0000000100000000)
  region size 1024K, 51 young (52224K), 4 survivors (4096K)
 Metaspace       used 74599K, committed 75008K, reserved 1114112K
  class space    used 9465K, committed 9664K, reserved 1048576K
}
Event: 66.648 GC heap after
{Heap after GC invocations=19 (full 1):
 garbage-first heap   total 99328K, used 27669K [0x00000000c1c00000, 0x0000000100000000)
  region size 1024K, 0 young (0K), 0 survivors (0K)
 Metaspace       used 74573K, committed 75008K, reserved 1114112K
  class space    used 9461K, committed 9664K, reserved 1048576K
}
Event: 67.984 GC heap before
{Heap before GC invocations=19 (full 1):
 garbage-first heap   total 99328K, used 76821K [0x00000000c1c00000, 0x0000000100000000)
  region size 1024K, 49 young (50176K), 0 survivors (0K)
 Metaspace       used 74992K, committed 75456K, reserved 1122304K
  class space    used 9489K, committed 9728K, reserved 1048576K
}
Event: 67.994 GC heap after
{Heap after GC invocations=20 (full 1):
 garbage-first heap   total 99328K, used 30357K [0x00000000c1c00000, 0x0000000100000000)
  region size 1024K, 3 young (3072K), 3 survivors (3072K)
 Metaspace       used 74992K, committed 75456K, reserved 1122304K
  class space    used 9489K, committed 9728K, reserved 1048576K
}

